[2025-08-03 11:25:12] This is codeql database create /home/zch/workspace/fuckCVE/codeql-db --language=cpp --command=make -j12
[2025-08-03 11:25:12] Log file was started late.
[2025-08-03 11:25:12] [PROGRESS] database create> Initializing database at /home/zch/workspace/fuckCVE/codeql-db.
[2025-08-03 11:25:12] Running plumbing command: codeql database init --language=cpp --extractor-options-verbosity=1 --qlconfig-file=/home/zch/workspace/linux/qlconfig.yml --source-root=/home/zch/workspace/linux --allow-missing-source-root=false --allow-already-existing -- /home/zch/workspace/fuckCVE/codeql-db
[2025-08-03 11:25:12] Calling plumbing command: codeql resolve languages --extractor-options-verbosity=1 --format=betterjson
[2025-08-03 11:25:12] [DETAILS] resolve languages> Scanning for [codeql-extractor.yml] from /opt/codeql/.codeqlmanifest.json
[2025-08-03 11:25:12] [DETAILS] resolve languages> Parsing /opt/codeql/yaml/codeql-extractor.yml.
[2025-08-03 11:25:12] [DETAILS] resolve languages> Parsing /opt/codeql/xml/codeql-extractor.yml.
[2025-08-03 11:25:12] [DETAILS] resolve languages> Parsing /opt/codeql/swift/codeql-extractor.yml.
[2025-08-03 11:25:12] [DETAILS] resolve languages> Parsing /opt/codeql/actions/codeql-extractor.yml.
[2025-08-03 11:25:12] [DETAILS] resolve languages> Parsing /opt/codeql/properties/codeql-extractor.yml.
[2025-08-03 11:25:12] [DETAILS] resolve languages> Parsing /opt/codeql/csharp/codeql-extractor.yml.
[2025-08-03 11:25:12] [DETAILS] resolve languages> Parsing /opt/codeql/python/codeql-extractor.yml.
[2025-08-03 11:25:12] [DETAILS] resolve languages> Parsing /opt/codeql/ruby/codeql-extractor.yml.
[2025-08-03 11:25:12] [DETAILS] resolve languages> Parsing /opt/codeql/go/codeql-extractor.yml.
[2025-08-03 11:25:12] [DETAILS] resolve languages> Parsing /opt/codeql/html/codeql-extractor.yml.
[2025-08-03 11:25:12] [DETAILS] resolve languages> Parsing /opt/codeql/csv/codeql-extractor.yml.
[2025-08-03 11:25:12] [DETAILS] resolve languages> Parsing /opt/codeql/java/codeql-extractor.yml.
[2025-08-03 11:25:12] [DETAILS] resolve languages> Parsing /opt/codeql/cpp/codeql-extractor.yml.
[2025-08-03 11:25:12] [DETAILS] resolve languages> Parsing /opt/codeql/rust/codeql-extractor.yml.
[2025-08-03 11:25:12] [DETAILS] resolve languages> Parsing /opt/codeql/javascript/codeql-extractor.yml.
[2025-08-03 11:25:12] Plumbing command codeql resolve languages completed:
                      {
                        "aliases" : {
                          "c" : "cpp",
                          "c++" : "cpp",
                          "c-c++" : "cpp",
                          "c-cpp" : "cpp",
                          "c#" : "csharp",
                          "java-kotlin" : "java",
                          "kotlin" : "java",
                          "javascript-typescript" : "javascript",
                          "typescript" : "javascript"
                        },
                        "extractors" : {
                          "yaml" : [
                            {
                              "extractor_root" : "/opt/codeql/yaml"
                            }
                          ],
                          "xml" : [
                            {
                              "extractor_root" : "/opt/codeql/xml"
                            }
                          ],
                          "swift" : [
                            {
                              "extractor_root" : "/opt/codeql/swift"
                            }
                          ],
                          "actions" : [
                            {
                              "extractor_root" : "/opt/codeql/actions",
                              "extractor_options" : { }
                            }
                          ],
                          "properties" : [
                            {
                              "extractor_root" : "/opt/codeql/properties"
                            }
                          ],
                          "csharp" : [
                            {
                              "extractor_root" : "/opt/codeql/csharp",
                              "extractor_options" : {
                                "trap" : {
                                  "title" : "Options pertaining to TRAP.",
                                  "description" : "Options pertaining to TRAP.",
                                  "type" : "object",
                                  "properties" : {
                                    "compression" : {
                                      "title" : "Controls compression for the TRAP files written by the extractor.",
                                      "description" : "This option is only intended for use in debugging the extractor. Accepted values are 'brotli' (the default, to write brotli-compressed TRAP), 'gzip', and 'none' (to write uncompressed TRAP).\n",
                                      "type" : "string",
                                      "pattern" : "^(none|gzip|brotli)$"
                                    }
                                  }
                                },
                                "buildless" : {
                                  "title" : "DEPRECATED - Whether to use buildless (standalone) extraction.",
                                  "description" : "DEPRECATED: Use `--build-mode none` instead.\nA value indicating, which type of extraction the autobuilder should perform. If 'true', then the standalone extractor will be used, otherwise tracing extraction will be performed. The default is 'false'. Note that buildless extraction will generally yield less accurate analysis results, and should only be used in cases where it is not possible to build the code (for example if it uses inaccessible dependencies).\n",
                                  "type" : "string",
                                  "pattern" : "^(false|true)$"
                                },
                                "logging" : {
                                  "title" : "Options pertaining to logging.",
                                  "description" : "Options pertaining to logging.",
                                  "type" : "object",
                                  "properties" : {
                                    "verbosity" : {
                                      "title" : "Extractor logging verbosity level.",
                                      "description" : "Controls the level of verbosity of the extractor. The supported levels are (in order of increasing verbosity):\n  - off\n  - errors\n  - warnings\n  - info or progress\n  - debug or progress+\n  - trace or progress++\n  - progress+++\n",
                                      "type" : "string",
                                      "pattern" : "^(off|errors|warnings|(info|progress)|(debug|progress\\+)|(trace|progress\\+\\+)|progress\\+\\+\\+)$"
                                    }
                                  }
                                },
                                "binlog" : {
                                  "title" : "Binlog",
                                  "description" : "[EXPERIMENTAL] The value is a path to the MsBuild binary log file that should be extracted. This option only works when `--build-mode none` is also specified.\n",
                                  "type" : "array"
                                }
                              }
                            }
                          ],
                          "python" : [
                            {
                              "extractor_root" : "/opt/codeql/python",
                              "extractor_options" : {
                                "logging" : {
                                  "title" : "Options pertaining to logging.",
                                  "description" : "Options pertaining to logging.",
                                  "type" : "object",
                                  "properties" : {
                                    "verbosity" : {
                                      "title" : "Python extractor logging verbosity level.",
                                      "description" : "Controls the level of verbosity of the CodeQL Python extractor.\nThe supported levels are (in order of increasing verbosity):\n\n  - off\n  - errors\n  - warnings\n  - info or progress\n  - debug or progress+\n  - trace or progress++\n  - progress+++\n",
                                      "type" : "string",
                                      "pattern" : "^(off|errors|warnings|(info|progress)|(debug|progress\\+)|(trace|progress\\+\\+)|progress\\+\\+\\+)$"
                                    }
                                  }
                                },
                                "python_executable_name" : {
                                  "title" : "Controls the name of the Python executable used by the Python extractor.",
                                  "description" : "The Python extractor uses platform-dependent heuristics to determine the name of the Python executable to use. Specifying a value for this option overrides the name of the Python executable used by the extractor. Accepted values are py, python and python3. Use this setting with caution, the Python extractor requires Python 3 to run.\n",
                                  "type" : "string",
                                  "pattern" : "^(py|python|python3)$"
                                }
                              }
                            }
                          ],
                          "ruby" : [
                            {
                              "extractor_root" : "/opt/codeql/ruby",
                              "extractor_options" : {
                                "trap" : {
                                  "title" : "Options pertaining to TRAP.",
                                  "description" : "Options pertaining to TRAP.",
                                  "type" : "object",
                                  "properties" : {
                                    "compression" : {
                                      "title" : "Controls compression for the TRAP files written by the extractor.",
                                      "description" : "This option is only intended for use in debugging the extractor. Accepted values are 'gzip' (the default, to write gzip-compressed TRAP) 'zstd' (to write Zstandard-compressed TRAP) and 'none' (to write uncompressed TRAP).\n",
                                      "type" : "string",
                                      "pattern" : "^(none|gzip|zstd)$"
                                    }
                                  }
                                }
                              }
                            }
                          ],
                          "go" : [
                            {
                              "extractor_root" : "/opt/codeql/go",
                              "extractor_options" : {
                                "extract_tests" : {
                                  "title" : "Whether to include Go test files in the CodeQL database.",
                                  "description" : "A value indicating whether Go test files should be included in the CodeQL database. The default is 'false'.\n",
                                  "type" : "string",
                                  "pattern" : "^(false|true)$"
                                },
                                "extract_vendor_dirs" : {
                                  "title" : "Whether to include Go vendor directories in the CodeQL database.",
                                  "description" : "A value indicating whether Go vendor directories should be included in the CodeQL database. The default is 'false'.\n",
                                  "type" : "string",
                                  "pattern" : "^(false|true)$"
                                }
                              }
                            }
                          ],
                          "html" : [
                            {
                              "extractor_root" : "/opt/codeql/html"
                            }
                          ],
                          "csv" : [
                            {
                              "extractor_root" : "/opt/codeql/csv"
                            }
                          ],
                          "java" : [
                            {
                              "extractor_root" : "/opt/codeql/java",
                              "extractor_options" : {
                                "exclude" : {
                                  "title" : "A glob excluding files from analysis.",
                                  "description" : "A glob indicating what files to exclude from the analysis. This accepts glob patterns that are supported by Java's 'getPathMatcher' implementation.\n",
                                  "type" : "string"
                                },
                                "add_prefer_source" : {
                                  "title" : "Whether to always prefer source files over class files.",
                                  "description" : "A value indicating whether source files should be preferred over class files. If set to 'true', the extraction adds '-Xprefer:source' to the javac command line. If set to 'false', the extraction uses the default javac behavior ('-Xprefer:newer'). The default is 'true'.\n",
                                  "type" : "string",
                                  "pattern" : "^(false|true)$"
                                },
                                "buildless" : {
                                  "title" : "Whether to use buildless (standalone) extraction (experimental).",
                                  "description" : "A value indicating, which type of extraction the autobuilder should perform. If 'true', then the standalone extractor will be used, otherwise tracing extraction will be performed. The default is 'false'. Note that buildless extraction will generally yield less accurate analysis results, and should only be used in cases where it is not possible to build the code (for example if it uses inaccessible dependencies).\n",
                                  "type" : "string",
                                  "pattern" : "^(false|true)$"
                                },
                                "buildless_dependency_dir" : {
                                  "title" : "The path where buildless (standalone) extraction should keep dependencies.",
                                  "description" : "If set, the buildless (standalone) extractor will store dependencies in this directory.\n",
                                  "type" : "string"
                                },
                                "minimize_dependency_jars" : {
                                  "title" : "Whether to rewrite and minimize downloaded JAR dependencies (experimental).",
                                  "description" : "If 'true', JAR dependencies downloaded during extraction will be rewritten to remove unneeded data, such as method bodies. The default is 'false'.\n",
                                  "type" : "string",
                                  "pattern" : "^(false|true)$"
                                }
                              }
                            }
                          ],
                          "cpp" : [
                            {
                              "extractor_root" : "/opt/codeql/cpp",
                              "extractor_options" : {
                                "scale_timeouts" : {
                                  "title" : "Value to scale compiler introspection timeouts with",
                                  "description" : "The extractor attempts to determine what compiler the source code being extracted is compiled with. To this end the extractor makes additional calls to the compiler, some of which are expected to return within a certain fixed time (either 10s or 15s). On some systems that are under high load this time might be too short, and can be scaled up using this option.\n",
                                  "type" : "string",
                                  "pattern" : "[0-9]+"
                                },
                                "log_verbosity" : {
                                  "title" : "Verbosity of the extractor logging",
                                  "description" : "Set the verbosity of the extractor logging to 'quiet' (0), 'normal' (1), 'chatty' (2), or 'noisy' (3). The default is 'normal'.\n",
                                  "type" : "string",
                                  "pattern" : "[0-3]"
                                }
                              }
                            }
                          ],
                          "rust" : [
                            {
                              "extractor_root" : "/opt/codeql/rust",
                              "extractor_options" : {
                                "trap" : {
                                  "title" : "Options pertaining to TRAP.",
                                  "description" : "Options pertaining to TRAP.",
                                  "type" : "object",
                                  "properties" : {
                                    "compression" : {
                                      "title" : "Controls compression for the TRAP files written by the extractor.",
                                      "description" : "This option is only intended for use in debugging the extractor. Accepted values are 'gzip' (to write gzip-compressed TRAP) 'zstd' (to write Zstandard-compressed TRAP) and 'none' (the default, to write uncompressed TRAP).\n",
                                      "type" : "string",
                                      "pattern" : "^(none|gzip|zstd)$"
                                    }
                                  }
                                },
                                "cargo_target_dir" : {
                                  "title" : "Directory to use for cargo output files.",
                                  "description" : "This value is an optional path to use as `CARGO_TARGET_DIR` for the internal cargo commands the extractor uses. Pointing it to a persistent directory may reduce execution time of consecutive extractor runs. By default, a new scratch directory is used for each run.\n",
                                  "type" : "string"
                                },
                                "cargo_target" : {
                                  "title" : "Target architecture",
                                  "description" : "Target architecture to use for analysis, analogous to `cargo --target`. By default the host architecture is used.\n",
                                  "type" : "string"
                                },
                                "cargo_features" : {
                                  "title" : "Cargo features to turn on",
                                  "description" : "Comma-separated list of features to turn on. By default all features are enabled. If any features are specified, then only those features are enabled. The `default` feature must be explicitly specified if only default features are desired. Can be repeated.\n",
                                  "type" : "array"
                                },
                                "cargo_cfg_overrides" : {
                                  "title" : "Cargo cfg overrides",
                                  "description" : "Comma-separated list of cfg settings to enable, or disable if prefixed with `-`. Can be repeated.\n",
                                  "type" : "array"
                                },
                                "logging" : {
                                  "title" : "Options pertaining to logging.",
                                  "description" : "Options pertaining to logging.",
                                  "type" : "object",
                                  "properties" : {
                                    "verbosity" : {
                                      "title" : "Extractor logging verbosity level.",
                                      "description" : "Controls the level of verbosity of the extractor. The supported levels are (in order of increasing verbosity):\n  - off\n  - errors\n  - warnings\n  - info or progress\n  - debug or progress+\n  - trace or progress++\n  - progress+++\n",
                                      "type" : "string",
                                      "pattern" : "^(off|errors|warnings|(info|progress)|(debug|progress\\+)|(trace|progress\\+\\+)|progress\\+\\+\\+)$"
                                    },
                                    "flamegraph" : {
                                      "title" : "[Experimental] File path for write flame graph log",
                                      "description" : "Collect flame graph data using the `tracing-flame` crate. To render a flame graph or chart, run the `inferno-flamegraph` command. See also: https://crates.io/crates/tracing-flame\n",
                                      "type" : "string"
                                    }
                                  }
                                },
                                "skip_path_resolution" : {
                                  "title" : "Skip path resolution",
                                  "description" : "Skip path resolution. This is experimental, while we move path resolution from the extractor to the QL library.\n",
                                  "type" : "string",
                                  "pattern" : "^(false|true)$"
                                },
                                "extract_dependencies_as_source" : {
                                  "title" : "Extract dependencies as source code",
                                  "description" : "Extract the full source code of dependencies instead of only extracting signatures.\n",
                                  "type" : "string",
                                  "pattern" : "^(false|true)$"
                                }
                              }
                            }
                          ],
                          "javascript" : [
                            {
                              "extractor_root" : "/opt/codeql/javascript",
                              "extractor_options" : {
                                "skip_types" : {
                                  "title" : "Skip type extraction for TypeScript",
                                  "description" : "Whether to skip the extraction of types in a TypeScript application",
                                  "type" : "string",
                                  "pattern" : "^(false|true)$"
                                }
                              }
                            }
                          ]
                        }
                      }
[2025-08-03 11:25:12] [PROGRESS] database init> Calculating baseline information in /home/zch/workspace/linux
[2025-08-03 11:25:12] [SPAMMY] database init> Ignoring the following directories when processing baseline information: .git, .hg, .svn.
[2025-08-03 11:25:12] [DETAILS] database init> Running command in /home/zch/workspace/linux: /opt/codeql/tools/linux64/scc --by-file --exclude-dir .git,.hg,.svn --format json --no-large --no-min .
[2025-08-03 11:25:15] [SPAMMY] database init> Found 55436 baseline files for cpp.
[2025-08-03 11:25:15] [SPAMMY] database init> Found 155 baseline files for python.
[2025-08-03 11:25:15] [SPAMMY] database init> Found 29 baseline files for rust.
[2025-08-03 11:25:15] [SPAMMY] database init> Found 1 baseline files for ruby.
[2025-08-03 11:25:15] [PROGRESS] database init> Calculated baseline information for languages: cpp, python, ruby, rust (2.8s).
[2025-08-03 11:25:18] [PROGRESS] database init> Resolving extractor cpp.
[2025-08-03 11:25:18] [DETAILS] database init> Found candidate extractor root for cpp: /opt/codeql/cpp.
[2025-08-03 11:25:18] [PROGRESS] database init> Successfully loaded extractor C/C++ (cpp) from /opt/codeql/cpp.
[2025-08-03 11:25:18] [PROGRESS] database init> Created skeleton CodeQL database at /home/zch/workspace/fuckCVE/codeql-db. This in-progress database is ready to be populated by an extractor.
[2025-08-03 11:25:18] Plumbing command codeql database init completed.
[2025-08-03 11:25:18] [PROGRESS] database create> Running build command: [make, -j12]
[2025-08-03 11:25:18] Running plumbing command: codeql database trace-command --working-dir=/home/zch/workspace/linux --index-traceless-dbs --no-db-cluster -- /home/zch/workspace/fuckCVE/codeql-db make -j12
[2025-08-03 11:25:18] [PROGRESS] database trace-command> Running command in /home/zch/workspace/linux: [make, -j12]
[2025-08-03 11:25:21] [build-stdout]   DESCEND objtool
[2025-08-03 11:25:21] [build-stdout]   CALL    scripts/checksyscalls.sh
[2025-08-03 11:25:24] [build-stdout] Kernel: arch/x86/boot/bzImage is ready  (#1)
[2025-08-03 11:25:24] Plumbing command codeql database trace-command completed.
[2025-08-03 11:25:24] [PROGRESS] database create> Finalizing database at /home/zch/workspace/fuckCVE/codeql-db.
[2025-08-03 11:25:24] Running plumbing command: codeql database finalize --no-db-cluster -- /home/zch/workspace/fuckCVE/codeql-db
[2025-08-03 11:25:24] Using pre-finalize script /opt/codeql/cpp/tools/pre-finalize.sh.
[2025-08-03 11:25:24] [PROGRESS] database finalize> Running pre-finalize script /opt/codeql/cpp/tools/pre-finalize.sh in /home/zch/workspace/linux.
[2025-08-03 11:25:24] Running plumbing command: codeql database trace-command --working-dir=/home/zch/workspace/linux --no-tracing -- /home/zch/workspace/fuckCVE/codeql-db /opt/codeql/cpp/tools/pre-finalize.sh
[2025-08-03 11:25:24] [PROGRESS] database trace-command> Running command in /home/zch/workspace/linux: [/opt/codeql/cpp/tools/pre-finalize.sh]
[2025-08-03 11:25:24] Plumbing command codeql database trace-command completed.
[2025-08-03 11:25:24] [PROGRESS] database finalize> Running TRAP import for CodeQL database at /home/zch/workspace/fuckCVE/codeql-db...
[2025-08-03 11:25:24] Running plumbing command: codeql dataset import --dbscheme=/opt/codeql/cpp/semmlecode.cpp.dbscheme -- /home/zch/workspace/fuckCVE/codeql-db/db-cpp /home/zch/workspace/fuckCVE/codeql-db/trap/cpp
[2025-08-03 11:25:24] Clearing disk cache since the version file /home/zch/workspace/fuckCVE/codeql-db/db-cpp/default/cache/version does not exist
[2025-08-03 11:25:24] Tuple pool not found. Clearing relations with cached strings
[2025-08-03 11:25:24] Trimming disk cache at /home/zch/workspace/fuckCVE/codeql-db/db-cpp/default/cache in mode clear.
[2025-08-03 11:25:24] Sequence stamp origin is -6019690764704818908
[2025-08-03 11:25:24] Pausing evaluation to hard-clear memory at sequence stamp o+0
[2025-08-03 11:25:24] Unpausing evaluation
[2025-08-03 11:25:24] Pausing evaluation to quickly trim disk at sequence stamp o+1
[2025-08-03 11:25:24] Unpausing evaluation
[2025-08-03 11:25:24] Pausing evaluation to zealously trim disk at sequence stamp o+2
[2025-08-03 11:25:24] Unpausing evaluation
[2025-08-03 11:25:24] Trimming completed (5ms): Purged everything.
[2025-08-03 11:25:24] Scanning for files in /home/zch/workspace/fuckCVE/codeql-db/trap/cpp
[2025-08-03 11:25:24] Found 103 files on disk containing 58 TRAP files (270.56 KiB)
[2025-08-03 11:25:24] [PROGRESS] dataset import> Importing TRAP files
[2025-08-03 11:25:24] Importing cpp_predefined.5653aa5f.trap (null.85f6d9eb_0.trap.tar.zst) (1 of 58)
[2025-08-03 11:25:24] Importing null.85f6d9eb.trap (null.85f6d9eb_0.trap.tar.zst) (2 of 58)
[2025-08-03 11:25:24] Importing cpp_predefined.acb19af8.trap (null.c18a6edf_0.trap.tar.zst) (3 of 58)
[2025-08-03 11:25:24] Importing null.c18a6edf.trap (null.c18a6edf_0.trap.tar.zst) (4 of 58)
[2025-08-03 11:25:24] Importing null.c52e8f32.trap (null.c52e8f32_0.trap.tar.zst) (5 of 58)
[2025-08-03 11:25:24] Importing null.f0d4059d.trap (null.f0d4059d_0.trap.tar.zst) (6 of 58)
[2025-08-03 11:25:24] Importing 45716719_0.trap.zst (7 of 58)
[2025-08-03 11:25:24] Importing 494081_0.trap.zst (8 of 58)
[2025-08-03 11:25:24] Importing 43839683_0.trap.zst (9 of 58)
[2025-08-03 11:25:24] Importing 25910331_0.trap.zst (10 of 58)
[2025-08-03 11:25:24] Importing 39429804_0.trap.zst (11 of 58)
[2025-08-03 11:25:24] Importing 59939954_0.trap.zst (12 of 58)
[2025-08-03 11:25:24] Importing 13695882_0.trap.zst (13 of 58)
[2025-08-03 11:25:24] Importing 18459706_0.trap.zst (14 of 58)
[2025-08-03 11:25:24] Importing 61252956_0.trap.zst (15 of 58)
[2025-08-03 11:25:24] Importing 26555541_0.trap.zst (16 of 58)
[2025-08-03 11:25:24] Importing 63314692_0.trap.zst (17 of 58)
[2025-08-03 11:25:24] Importing 58107155_0.trap.zst (18 of 58)
[2025-08-03 11:25:24] Importing 22961276_0.trap.zst (19 of 58)
[2025-08-03 11:25:24] Importing 22695952_0.trap.zst (20 of 58)
[2025-08-03 11:25:24] Importing 4807503_0.trap.zst (21 of 58)
[2025-08-03 11:25:24] Importing 64633166_0.trap.zst (22 of 58)
[2025-08-03 11:25:24] Importing 14127522_0.trap.zst (23 of 58)
[2025-08-03 11:25:24] Importing 60936467_0.trap.zst (24 of 58)
[2025-08-03 11:25:24] Importing 2504033_0.trap.zst (25 of 58)
[2025-08-03 11:25:24] Importing 2107415_0.trap.zst (26 of 58)
[2025-08-03 11:25:24] Importing 39417950_0.trap.zst (27 of 58)
[2025-08-03 11:25:24] Importing 5687393_0.trap.zst (28 of 58)
[2025-08-03 11:25:24] Importing 55403869_0.trap.zst (29 of 58)
[2025-08-03 11:25:24] Importing 7454039_0.trap.zst (30 of 58)
[2025-08-03 11:25:24] Importing 22206644_0.trap.zst (31 of 58)
[2025-08-03 11:25:24] Importing 54498789_0.trap.zst (32 of 58)
[2025-08-03 11:25:24] Importing 62807130_0.trap.zst (33 of 58)
[2025-08-03 11:25:25] Importing 9409052_0.trap.zst (34 of 58)
[2025-08-03 11:25:25] Importing 2482171_0.trap.zst (35 of 58)
[2025-08-03 11:25:25] Importing 62023350_0.trap.zst (36 of 58)
[2025-08-03 11:25:25] Importing 36087170_0.trap.zst (37 of 58)
[2025-08-03 11:25:25] Importing 7703059_0.trap.zst (38 of 58)
[2025-08-03 11:25:25] Importing 17921714_0.trap.zst (39 of 58)
[2025-08-03 11:25:25] Importing 15719979_0.trap.zst (40 of 58)
[2025-08-03 11:25:25] Importing 51763399_0.trap.zst (41 of 58)
[2025-08-03 11:25:25] Importing 57362417_0.trap.zst (42 of 58)
[2025-08-03 11:25:25] Importing 29207293_0.trap.zst (43 of 58)
[2025-08-03 11:25:25] Importing 46757768_0.trap.zst (44 of 58)
[2025-08-03 11:25:25] Importing 11775816_0.trap.zst (45 of 58)
[2025-08-03 11:25:25] Importing 46508676_0.trap.zst (46 of 58)
[2025-08-03 11:25:25] Importing 29973393_0.trap.zst (47 of 58)
[2025-08-03 11:25:25] Importing 64873616_0.trap.zst (48 of 58)
[2025-08-03 11:25:25] Importing 59014264_0.trap.zst (49 of 58)
[2025-08-03 11:25:25] Importing 57431779_0.trap.zst (50 of 58)
[2025-08-03 11:25:25] Importing 23873563_0.trap.zst (51 of 58)
[2025-08-03 11:25:25] Importing 28739149_0.trap.zst (52 of 58)
[2025-08-03 11:25:25] Importing 9955268_0.trap.zst (53 of 58)
[2025-08-03 11:25:25] Importing 9566898_0.trap.zst (54 of 58)
[2025-08-03 11:25:25] Importing 4079801_0.trap.zst (55 of 58)
[2025-08-03 11:25:25] Importing 25263009_0.trap.zst (56 of 58)
[2025-08-03 11:25:25] Importing 9070064_0.trap.zst (57 of 58)
[2025-08-03 11:25:25] Importing metadata.trap.gz (58 of 58)
[2025-08-03 11:25:25] [PROGRESS] dataset import> Merging relations
[2025-08-03 11:25:25] Merging 1 fragment for 'builtintypes'.
[2025-08-03 11:25:25] Merged 431 bytes for 'builtintypes'.
[2025-08-03 11:25:25] Merging 1 fragment for 'unspecifiedtype'.
[2025-08-03 11:25:25] Merged 167 bytes for 'unspecifiedtype'.
[2025-08-03 11:25:25] Merging 1 fragment for 'files'.
[2025-08-03 11:25:25] Merged 29 bytes for 'files'.
[2025-08-03 11:25:25] Merging 1 fragment for 'locations_default'.
[2025-08-03 11:25:25] Merged 69 bytes for 'locations_default'.
[2025-08-03 11:25:25] Merging 1 fragment for 'link_targets'.
[2025-08-03 11:25:25] Merged 26 bytes for 'link_targets'.
[2025-08-03 11:25:25] Merging 1 fragment for 'locations_stmt'.
[2025-08-03 11:25:25] Merged 66 bytes for 'locations_stmt'.
[2025-08-03 11:25:25] Merging 1 fragment for 'locations_expr'.
[2025-08-03 11:25:25] Merged 66 bytes for 'locations_expr'.
[2025-08-03 11:25:25] Merging 1 fragment for 'usertypes'.
[2025-08-03 11:25:25] Merged 39 bytes for 'usertypes'.
[2025-08-03 11:25:25] Merging 1 fragment for 'namespaces'.
[2025-08-03 11:25:25] Merged 26 bytes for 'namespaces'.
[2025-08-03 11:25:25] Merging 1 fragment for 'specialnamequalifyingelements'.
[2025-08-03 11:25:25] Merged 26 bytes for 'specialnamequalifyingelements'.
[2025-08-03 11:25:25] Merging 1 fragment for 'mangled_name'.
[2025-08-03 11:25:25] Merged 41 bytes for 'mangled_name'.
[2025-08-03 11:25:25] Merging 1 fragment for 'specifiers'.
[2025-08-03 11:25:25] Merged 148 bytes for 'specifiers'.
[2025-08-03 11:25:25] Merging 1 fragment for 'extractor_version'.
[2025-08-03 11:25:25] Merged 27 bytes for 'extractor_version'.
[2025-08-03 11:25:25] Merging 1 fragment for 'fileannotations'.
[2025-08-03 11:25:25] Merged 47 bytes for 'fileannotations'.
[2025-08-03 11:25:25] Merging 1 fragment for 'numlines'.
[2025-08-03 11:25:25] Merged 48 bytes for 'numlines'.
[2025-08-03 11:25:25] Merging 1 fragment for 'link_parent'.
[2025-08-03 11:25:25] Merged 30 bytes for 'link_parent'.
[2025-08-03 11:25:25] Merging 1 fragment for 'containerparent'.
[2025-08-03 11:25:25] Merged 30 bytes for 'containerparent'.
[2025-08-03 11:25:25] Merging 1 fragment for 'folders'.
[2025-08-03 11:25:25] Merged 30 bytes for 'folders'.
[2025-08-03 11:25:25] Merging 1 fragment for 'usertypesize'.
[2025-08-03 11:25:25] Merged 36 bytes for 'usertypesize'.
[2025-08-03 11:25:25] Merging 1 fragment for 'is_pod_class'.
[2025-08-03 11:25:25] Merged 18 bytes for 'is_pod_class'.
[2025-08-03 11:25:25] Merging 1 fragment for 'is_standard_layout_class'.
[2025-08-03 11:25:25] Merged 18 bytes for 'is_standard_layout_class'.
[2025-08-03 11:25:25] Merging 1 fragment for 'is_complete'.
[2025-08-03 11:25:25] Merged 18 bytes for 'is_complete'.
[2025-08-03 11:25:25] Merging 1 fragment for 'membervariables'.
[2025-08-03 11:25:25] Merged 49 bytes for 'membervariables'.
[2025-08-03 11:25:25] Merging 1 fragment for 'fieldoffsets'.
[2025-08-03 11:25:25] Merged 44 bytes for 'fieldoffsets'.
[2025-08-03 11:25:25] Merging 1 fragment for 'var_decls'.
[2025-08-03 11:25:25] Merged 73 bytes for 'var_decls'.
[2025-08-03 11:25:25] Merging 1 fragment for 'var_def'.
[2025-08-03 11:25:25] Merged 21 bytes for 'var_def'.
[2025-08-03 11:25:25] Merging 1 fragment for 'derivedtypes'.
[2025-08-03 11:25:25] Merged 46 bytes for 'derivedtypes'.
[2025-08-03 11:25:25] Merging 1 fragment for 'pointerishsize'.
[2025-08-03 11:25:25] Merged 36 bytes for 'pointerishsize'.
[2025-08-03 11:25:25] Merging 1 fragment for 'member'.
[2025-08-03 11:25:25] Merged 46 bytes for 'member'.
[2025-08-03 11:25:25] Merging 1 fragment for 'compilations'.
[2025-08-03 11:25:25] Merged 83 bytes for 'compilations'.
[2025-08-03 11:25:25] Merging 1 fragment for 'compilation_args'.
[2025-08-03 11:25:25] Merged 7442 bytes (7.27 KiB) for 'compilation_args'.
[2025-08-03 11:25:25] Merging 1 fragment for 'compilation_compiling_files'.
[2025-08-03 11:25:25] Merged 93 bytes for 'compilation_compiling_files'.
[2025-08-03 11:25:25] Merging 1 fragment for 'compilation_time'.
[2025-08-03 11:25:25] Merged 2436 bytes (2.38 KiB) for 'compilation_time'.
[2025-08-03 11:25:25] Merging 1 fragment for 'compilation_finished'.
[2025-08-03 11:25:25] Merged 467 bytes for 'compilation_finished'.
[2025-08-03 11:25:25] Merging 1 fragment for 'sourceLocationPrefix'.
[2025-08-03 11:25:25] Merged 18 bytes for 'sourceLocationPrefix'.
[2025-08-03 11:25:25] Saving string and id pools to disk.
[2025-08-03 11:25:25] Finished importing TRAP files.
[2025-08-03 11:25:25] Read 916.34 KiB of uncompressed TRAP data.
[2025-08-03 11:25:25] Uncompressed relation data size: 49.86 KiB
[2025-08-03 11:25:25] Relation data size: 12.00 KiB (merge rate: 384.95 KiB/s)
[2025-08-03 11:25:25] String pool size: 2.05 MiB
[2025-08-03 11:25:25] ID pool size: 1.02 MiB
[2025-08-03 11:25:25] [PROGRESS] dataset import> Finished writing database (relations: 12.00 KiB; string pool: 2.05 MiB).
[2025-08-03 11:25:25] Pausing evaluation to close the cache at sequence stamp o+73
[2025-08-03 11:25:25] The disk cache is freshly trimmed; leave it be.
[2025-08-03 11:25:25] Unpausing evaluation
[2025-08-03 11:25:25] Plumbing command codeql dataset import completed.
[2025-08-03 11:25:25] [PROGRESS] database finalize> TRAP import complete (587ms).
[2025-08-03 11:25:25] Running plumbing command: codeql database cleanup -- /home/zch/workspace/fuckCVE/codeql-db
[2025-08-03 11:25:25] [PROGRESS] database cleanup> Cleaning up existing TRAP files after import...
[2025-08-03 11:25:25] [PROGRESS] database cleanup> TRAP files cleaned up (10ms).
[2025-08-03 11:25:25] [PROGRESS] database cleanup> Cleaning up scratch directory...
[2025-08-03 11:25:25] [PROGRESS] database cleanup> Scratch directory cleaned up (20ms).
[2025-08-03 11:25:25] Running plumbing command: codeql dataset cleanup -- /home/zch/workspace/fuckCVE/codeql-db/db-cpp
[2025-08-03 11:25:25] [PROGRESS] dataset cleanup> Cleaning up dataset in /home/zch/workspace/fuckCVE/codeql-db/db-cpp.
[2025-08-03 11:25:25] Trimming disk cache at /home/zch/workspace/fuckCVE/codeql-db/db-cpp/default/cache in mode trim.
[2025-08-03 11:25:25] Sequence stamp origin is -6019690762444493914
[2025-08-03 11:25:25] Pausing evaluation to quickly trim memory at sequence stamp o+0
[2025-08-03 11:25:25] Unpausing evaluation
[2025-08-03 11:25:25] Pausing evaluation to zealously trim disk at sequence stamp o+1
[2025-08-03 11:25:25] Unpausing evaluation
[2025-08-03 11:25:25] Trimming completed (1ms): Trimmed disposable data from cache.
[2025-08-03 11:25:25] Pausing evaluation to close the cache at sequence stamp o+2
[2025-08-03 11:25:25] The disk cache is freshly trimmed; leave it be.
[2025-08-03 11:25:25] Unpausing evaluation
[2025-08-03 11:25:25] [PROGRESS] dataset cleanup> Trimmed disposable data from cache.
[2025-08-03 11:25:25] [PROGRESS] dataset cleanup> Finalizing dataset in /home/zch/workspace/fuckCVE/codeql-db/db-cpp
[2025-08-03 11:25:25] [DETAILS] dataset cleanup> Finished deleting ID pool from /home/zch/workspace/fuckCVE/codeql-db/db-cpp (0ms).
[2025-08-03 11:25:25] Plumbing command codeql dataset cleanup completed.
[2025-08-03 11:25:25] Plumbing command codeql database cleanup completed with status 0.
[2025-08-03 11:25:25] [PROGRESS] database finalize> Finished zipping source archive (22.00 B).
[2025-08-03 11:25:25] Plumbing command codeql database finalize completed.
[2025-08-03 11:25:25] [PROGRESS] database create> Successfully created database at /home/zch/workspace/fuckCVE/codeql-db.
[2025-08-03 11:25:25] Terminating normally.
