[2025-08-03 11:55:58] This is codeql execute queries -J-Xmx1396M --verbosity=progress --logdir=/home/zch/workspace/fuckCVE/codeql-db/log --evaluator-log-level=5 --warnings=show --qlconfig-file=/home/zch/workspace/fuckCVE/qlconfig.yml --dynamic-join-order-mode=none --output=/home/zch/workspace/fuckCVE/result.bqrs -- /home/zch/workspace/fuckCVE/codeql-db/db-cpp path:/home/zch/workspace/fuckCVE/queries/CVE-2021-41073.ql
[2025-08-03 11:55:58] Calling plumbing command: codeql resolve queries --qlconfig-file=/home/zch/workspace/fuckCVE/qlconfig.yml --format=json -- path:/home/zch/workspace/fuckCVE/queries/CVE-2021-41073.ql
[2025-08-03 11:55:59] [PROGRESS] resolve queries> Recording pack reference (anonymous QL pack at /home/zch/workspace/fuckCVE/queries/CVE-2021-41073.ql) at /home/zch/workspace/fuckCVE/queries.
[2025-08-03 11:55:59] Plumbing command codeql resolve queries completed:
                      [
                        "/home/zch/workspace/fuckCVE/queries/CVE-2021-41073.ql"
                      ]
[2025-08-03 11:55:59] Creating executor with 1 threads.
[2025-08-03 11:55:59] Calling plumbing command: codeql resolve extensions --qlconfig-file=/home/zch/workspace/fuckCVE/qlconfig.yml --include-extension-row-locations path:/home/zch/workspace/fuckCVE/queries/CVE-2021-41073.ql
[2025-08-03 11:55:59] Calling plumbing command: codeql resolve queries --qlconfig-file=/home/zch/workspace/fuckCVE/qlconfig.yml --allow-library-packs --format startingpacks -- path:/home/zch/workspace/fuckCVE/queries/CVE-2021-41073.ql
[2025-08-03 11:55:59] [PROGRESS] resolve queries> Recording pack reference (anonymous QL pack at /home/zch/workspace/fuckCVE/queries/CVE-2021-41073.ql) at /home/zch/workspace/fuckCVE/queries.
[2025-08-03 11:55:59] Plumbing command codeql resolve queries completed:
                      [
                        "/home/zch/workspace/fuckCVE/queries"
                      ]
[2025-08-03 11:55:59] Calling plumbing command: codeql resolve extensions-by-pack --qlconfig-file=/home/zch/workspace/fuckCVE/qlconfig.yml --include-extension-row-locations -- /home/zch/workspace/fuckCVE/queries
[2025-08-03 11:55:59] [SPAMMY] resolve extensions-by-pack> [INCOMPATIBILITY] <anonymous pack>: not 0.0.0 {root: <anonymous pack>@0.0.0}
[2025-08-03 11:55:59] [SPAMMY] resolve extensions-by-pack> [DERIVATION] <anonymous pack>: 0.0.0 {<anonymous pack>: not 0.0.0 {root: <anonymous pack>@0.0.0}}
[2025-08-03 11:55:59] [SPAMMY] resolve extensions-by-pack> [DECISION 1] <anonymous pack>: 0.0.0
[2025-08-03 11:55:59] Plumbing command codeql resolve extensions-by-pack completed:
                      {
                        "models" : [ ],
                        "data" : { },
                        "threatModels" : { },
                        "extensionPacks" : [ ]
                      }
[2025-08-03 11:55:59] Plumbing command codeql resolve extensions completed:
                      {
                        "models" : [ ],
                        "data" : { },
                        "threatModels" : { },
                        "extensionPacks" : [ ]
                      }
[2025-08-03 11:55:59] Calling plumbing command: codeql resolve library-path --qlconfig-file=/home/zch/workspace/fuckCVE/qlconfig.yml --query=/home/zch/workspace/fuckCVE/queries/CVE-2021-41073.ql --format=json
[2025-08-03 11:55:59] [DETAILS] resolve library-path> Resolving query at normalized path /home/zch/workspace/fuckCVE/queries/CVE-2021-41073.ql.
[2025-08-03 11:55:59] [DETAILS] resolve library-path> Found no pack; trying after symlink resolution with /home/zch/workspace/fuckCVE/queries/CVE-2021-41073.ql.
[2025-08-03 11:55:59] [DETAILS] resolve library-path> Found enclosing pack 'queries' at /home/zch/workspace/fuckCVE/queries.
[2025-08-03 11:55:59] [DETAILS] resolve library-path> Adding compilation cache at /root/.codeql/compile-cache.
[2025-08-03 11:55:59] [DETAILS] resolve library-path> Resolving library dependencies from /home/zch/workspace/fuckCVE/queries/CVE-2021-41073.ql.
[2025-08-03 11:55:59] [SPAMMY] resolve library-path> [INCOMPATIBILITY] <anonymous pack>: not 0.0.0 {root: <anonymous pack>@0.0.0}
[2025-08-03 11:55:59] [SPAMMY] resolve library-path> [DERIVATION] <anonymous pack>: 0.0.0 {<anonymous pack>: not 0.0.0 {root: <anonymous pack>@0.0.0}}
[2025-08-03 11:55:59] [SPAMMY] resolve library-path> [DECISION 1] <anonymous pack>: 0.0.0
[2025-08-03 11:55:59] [DETAILS] resolve library-path> QL pack dependencies for /home/zch/workspace/fuckCVE/queries resolved OK.
[2025-08-03 11:55:59] [DETAILS] resolve library-path> Found no dbscheme through dependencies.
[2025-08-03 11:55:59] Plumbing command codeql resolve library-path completed:
                      {
                        "libraryPath" : [
                          "/home/zch/workspace/fuckCVE/queries"
                        ],
                        "compilationCache" : [
                          "/root/.codeql/compile-cache"
                        ],
                        "relativeName" : "queries/CVE-2021-41073.ql",
                        "possibleAdvice" : "There should probably be a qlpack.yml file declaring dependencies in /home/zch/workspace/fuckCVE/queries or an enclosing directory.",
                        "qlPackName" : "queries"
                      }
[2025-08-03 11:55:59] [PROGRESS] execute queries> Compiling query plan for /home/zch/workspace/fuckCVE/queries/CVE-2021-41073.ql.
[2025-08-03 11:55:59] [DETAILS] execute queries> Resolving imports for /home/zch/workspace/fuckCVE/queries/CVE-2021-41073.ql.
[2025-08-03 11:55:59] Resolved file set for /home/zch/workspace/fuckCVE/queries/CVE-2021-41073.ql hashes to 286509806ee5ce16ec9334e34b257340.
[2025-08-03 11:55:59] [DETAILS] execute queries> Checking QL for /home/zch/workspace/fuckCVE/queries/CVE-2021-41073.ql.
[2025-08-03 11:55:59] Stale frontend caches are invalidated based on import graph reachability.
[2025-08-03 11:55:59] ExternalModuleBindingPass ...
[2025-08-03 11:55:59] ExternalModuleBindingPass time: 00:00.000
[2025-08-03 11:55:59] CollectInstantiationsPass ...
[2025-08-03 11:55:59] CollectInstantiationsPass time: 00:00.003
[2025-08-03 11:55:59] Ql checks ...
[2025-08-03 11:55:59] Ql checks time: 00:00.027
[2025-08-03 11:55:59] [ERROR] execute queries> ERROR: could not resolve module cpp (/home/zch/workspace/fuckCVE/queries/CVE-2021-41073.ql:1,8-11)
[2025-08-03 11:55:59] [ERROR] execute queries> ERROR: could not resolve type FunctionCall (/home/zch/workspace/fuckCVE/queries/CVE-2021-41073.ql:3,6-18)
[2025-08-03 11:55:59] Sequence stamp origin is -6019682885422715774
[2025-08-03 11:55:59] Pausing evaluation to close the cache at sequence stamp o+0
[2025-08-03 11:55:59] The disk cache is freshly trimmed; leave it be.
[2025-08-03 11:55:59] Unpausing evaluation
[2025-08-03 11:55:59] Exiting with code 2
