[2025-08-03 12:38:07] This is codeql execute queries -J-Xmx1396M --verbosity=progress --logdir=/home/zch/workspace/fuckCVE/codeql-db/log --evaluator-log-level=5 --warnings=show --qlconfig-file=/home/zch/workspace/fuckCVE/qlconfig.yml --dynamic-join-order-mode=none --output=/home/zch/workspace/fuckCVE/result.bqrsc -- /home/zch/workspace/fuckCVE/codeql-db/db-cpp path:/home/zch/workspace/fuckCVE/queries/CVE-2021-41073.ql
[2025-08-03 12:38:07] Calling plumbing command: codeql resolve queries --qlconfig-file=/home/zch/workspace/fuckCVE/qlconfig.yml --format=json -- path:/home/zch/workspace/fuckCVE/queries/CVE-2021-41073.ql
[2025-08-03 12:38:07] [PROGRESS] resolve queries> Recording pack reference fuckcve at /home/zch/workspace/fuckCVE/queries.
[2025-08-03 12:38:07] Plumbing command codeql resolve queries completed:
                      [
                        "/home/zch/workspace/fuckCVE/queries/CVE-2021-41073.ql"
                      ]
[2025-08-03 12:38:07] Creating executor with 1 threads.
[2025-08-03 12:38:07] Calling plumbing command: codeql resolve extensions --qlconfig-file=/home/zch/workspace/fuckCVE/qlconfig.yml --include-extension-row-locations path:/home/zch/workspace/fuckCVE/queries/CVE-2021-41073.ql
[2025-08-03 12:38:07] Calling plumbing command: codeql resolve queries --qlconfig-file=/home/zch/workspace/fuckCVE/qlconfig.yml --allow-library-packs --format startingpacks -- path:/home/zch/workspace/fuckCVE/queries/CVE-2021-41073.ql
[2025-08-03 12:38:07] [PROGRESS] resolve queries> Recording pack reference fuckcve at /home/zch/workspace/fuckCVE/queries.
[2025-08-03 12:38:07] Plumbing command codeql resolve queries completed:
                      [
                        "/home/zch/workspace/fuckCVE/queries"
                      ]
[2025-08-03 12:38:07] Calling plumbing command: codeql resolve extensions-by-pack --qlconfig-file=/home/zch/workspace/fuckCVE/qlconfig.yml --include-extension-row-locations -- /home/zch/workspace/fuckCVE/queries
[2025-08-03 12:38:07] [SPAMMY] resolve extensions-by-pack> [INCOMPATIBILITY] fuckcve: not 1.0.0 {root: fuckcve@1.0.0}
[2025-08-03 12:38:07] [SPAMMY] resolve extensions-by-pack> [DERIVATION] fuckcve: 1.0.0 {fuckcve: not 1.0.0 {root: fuckcve@1.0.0}}
[2025-08-03 12:38:07] [SPAMMY] resolve extensions-by-pack> [INCOMPATIBILITY] fuckcve: * [*], codeql/cpp-all: not * {dependency: fuckcve@* [*] requires codeql/cpp-all@*}
[2025-08-03 12:38:07] [SPAMMY] resolve extensions-by-pack> [DECISION 1] fuckcve: 1.0.0
[2025-08-03 12:38:07] [SPAMMY] resolve extensions-by-pack> [DERIVATION] codeql/cpp-all: * {fuckcve: * [*], codeql/cpp-all: not * {dependency: fuckcve@* [*] requires codeql/cpp-all@*}}
[2025-08-03 12:38:07] [SPAMMY] resolve extensions-by-pack> [INCOMPATIBILITY] codeql/cpp-all: * [*] {pack not found: codeql/cpp-all}
[2025-08-03 12:38:07] [SPAMMY] resolve extensions-by-pack> [CONFLICT] codeql/cpp-all: * [*] {pack not found: codeql/cpp-all}
[2025-08-03 12:38:07] [SPAMMY] resolve extensions-by-pack>   [CONSTRAINT] fuckcve: 1.0.0
[2025-08-03 12:38:07] [SPAMMY] resolve extensions-by-pack>   [CONSTRAINT] codeql/cpp-all: *
[2025-08-03 12:38:07] [SPAMMY] resolve extensions-by-pack>   [SATISFIER] derivation: codeql/cpp-all: *
[2025-08-03 12:38:07] [SPAMMY] resolve extensions-by-pack>   [ALMOST_SATISFIER] <none>
[2025-08-03 12:38:07] [SPAMMY] resolve extensions-by-pack> [INCOMPATIBILITY] fuckcve: * [*] {conflict}
[2025-08-03 12:38:07] [SPAMMY] resolve extensions-by-pack> [FAILURE]
[2025-08-03 12:38:07] [SPAMMY] resolve extensions-by-pack>   Because 'fuckcve' depends on 'codeql/cpp-all@*', but pack 'codeql/cpp-all' was not found, version solving failed.
[2025-08-03 12:38:07] [ERROR] resolve extensions-by-pack> ERROR: Referenced pack 'codeql/cpp-all' was not found locally, and no lock file is present for 'fuckcve'. Run 'codeql pack install' to create the lock file and download the dependencies. (/home/zch/workspace/fuckCVE/queries/qlpack.yml:1,1-1)
[2025-08-03 12:38:07] [ERROR] resolve extensions-by-pack> ERROR: No valid pack solution found:
                              Because 'fuckcve' depends on 'codeql/cpp-all@*', but pack 'codeql/cpp-all' was not found, version solving failed.
                               (/home/zch/workspace/fuckCVE/queries/qlpack.yml:1,1-1)
[2025-08-03 12:38:07] Sequence stamp origin is -6019672026232172661
[2025-08-03 12:38:07] Pausing evaluation to close the cache at sequence stamp o+0
[2025-08-03 12:38:07] The disk cache is freshly trimmed; leave it be.
[2025-08-03 12:38:07] Unpausing evaluation
[2025-08-03 12:38:07] Exception caught at top level: A 'codeql resolve extensions-by-pack' operation failed with error code 2
                      com.semmle.cli2.picocli.PlumbingRunner.call(PlumbingRunner.java:75)
                      com.semmle.cli2.picocli.SubcommandCommon.callPlumbingInProcess(SubcommandCommon.java:170)
                      com.semmle.cli2.resolve.ResolveExtensionsCommand.executeJSON(ResolveExtensionsCommand.java:59)
                      com.semmle.cli2.resolve.ResolveExtensionsCommand.executeJSON(ResolveExtensionsCommand.java:18)
                      com.semmle.cli2.picocli.SimpleJsonSubcommand.executeInsistingOnJSONWithExistingMessages(SimpleJsonSubcommand.java:121)
                      com.semmle.cli2.picocli.SubcommandCommon.withCompilationMessages(SubcommandCommon.java:444)
                      com.semmle.cli2.picocli.SimpleJsonSubcommand.executeInsistingOnJSON(SimpleJsonSubcommand.java:110)
                      com.semmle.cli2.picocli.PlumbingRunner.call(PlumbingRunner.java:61)
                      com.semmle.cli2.picocli.SubcommandCommon.callPlumbingInProcess(SubcommandCommon.java:170)
                      com.semmle.cli2.execute.ExecuteQueriesCommand.resolveExtensions(ExecuteQueriesCommand.java:856)
                      com.semmle.cli2.execute.ExecuteQueriesCommand.executeSubcommand(ExecuteQueriesCommand.java:471)
                      com.semmle.cli2.picocli.SubcommandCommon.lambda$executeSubcommandWithMessages$5(SubcommandCommon.java:892)
                      com.semmle.cli2.picocli.SubcommandCommon.withCompilationMessages(SubcommandCommon.java:444)
                      com.semmle.cli2.picocli.SubcommandCommon.executeSubcommandWithMessages(SubcommandCommon.java:890)
                      com.semmle.cli2.picocli.SubcommandCommon.toplevelMain(SubcommandCommon.java:777)
                      com.semmle.cli2.picocli.SubcommandCommon.call(SubcommandCommon.java:757)
                      com.semmle.cli2.picocli.SubcommandMaker.runMain(SubcommandMaker.java:238)
                      com.semmle.cli2.picocli.SubcommandMaker.runMain(SubcommandMaker.java:259)
                      com.semmle.cli2.CodeQL.main(CodeQL.java:115)
