[E 03:25:20 164628] CodeQL C/C++ Extractor 2.22.1
[E 03:25:20 164628] Current directory: /home/zch/workspace/linux
[E 03:25:20 164628] Command: /opt/codeql/cpp/tools/linux64/extractor --mimic /usr/lib/gcc/x86_64-linux-gnu/12/cc1 -quiet -imultiarch x86_64-linux-gnu -D __KERNEL__ /dev/null -quiet -dumpdir .tmp_164622/ -dumpbase tmp -mno-sse -mno-mmx -mno-sse2 -mno-3dnow -mno-avx -m64 -mno-80387 -mno-fp-ret-in-387 -mpreferred-stack-boundary=3 -mskip-rax-setup -mtune=generic -mno-red-zone -mcmodel=kernel -mindirect-branch=thunk-extern -mindirect-branch-register -mindirect-branch-cs-prefix -mfunction-return=thunk-extern -march=x86-64 -O2 -Wall -Wundef -Werror=strict-prototypes -Wno-trigraphs -Werror=implicit-function-declaration -Werror=implicit-int -Werror=return-type -Wno-format-security -Wno-sign-compare -Wno-frame-address -Wformat-truncation=0 -Wformat-overflow=0 -Wno-address-of-packed-member -Wframe-larger-than=2048 -Wno-main -Wno-unused-but-set-variable -Wunused-const-variable=0 -Wdangling-pointer=0 -Wdeclaration-after-statement -Wvla -Wno-pointer-sign -Wcast-function-type -Wno-stringop-truncation -Wstringop-overflow=0 -Wno-restrict -Wno-maybe-uninitialized -Werror -Wno-array-bounds -Walloc-size-larger-than=18446744073709551615EiB -Wimplicit-fallthrough=5 -Werror=date-time -Werror=incompatible-pointer-types -Werror=designated-init -Wpacked-not-aligned -std=gnu11 -fmacro-prefix-map=./= -fno-strict-aliasing -fno-common -fshort-wchar -fno-PIE -fcf-protection=none -falign-jumps=1 -falign-loops=1 -fno-asynchronous-unwind-tables -fno-jump-tables -fno-delete-null-pointer-checks -fno-allow-store-data-races -fstack-protector-strong -fomit-frame-pointer -ftrivial-auto-var-init=zero -fno-stack-clash-protection -fno-strict-overflow -fstack-check=no -fconserve-stack -o /tmp/ccjNcFA8.s
[E 03:25:20 164628] Checking whether C compilation already happened.
[E 03:25:20 164628] Checking for tag c-compilation-happened
[E 03:25:20 164628] Checking CODEQL_TRACER_DB_ID 0000000000028312_0000000000000001
[E 03:25:20 164628] Locking DB /home/zch/workspace/fuckCVE/codeql-db/working/tags.db
[E 03:25:20 164628] Locked DB /home/zch/workspace/fuckCVE/codeql-db/working/tags.db
[E 03:25:20 164628] Unlocking DB
[E 03:25:20 164628] Unlocked DB
[E 03:25:20 164628] Looks like C compilation didn't already happen.
[E 03:25:20 164628] Checking whether C compilation has been attempted.
[E 03:25:20 164628] Checking for tag c-compilation-attempted
[E 03:25:20 164628] Checking CODEQL_TRACER_DB_ID 0000000000028312_0000000000000001
[E 03:25:20 164628] Locking DB /home/zch/workspace/fuckCVE/codeql-db/working/tags.db
[E 03:25:20 164628] Locked DB /home/zch/workspace/fuckCVE/codeql-db/working/tags.db
[E 03:25:20 164628] Unlocking DB
[E 03:25:20 164628] Unlocked DB
[E 03:25:20 164628] Marking C compilation as attempted.
[E 03:25:20 164628] Setting tag c-compilation-attempted
[E 03:25:20 164628] Starting from CODEQL_TRACER_DB_ID 0000000000028312_0000000000000001
[E 03:25:20 164628] Locking DB /home/zch/workspace/fuckCVE/codeql-db/working/tags.db
[E 03:25:20 164628] Locked DB /home/zch/workspace/fuckCVE/codeql-db/working/tags.db
[E 03:25:20 164628] Set tag for 0000000000028312_0000000000000001
[E 03:25:20 164628] Set tag for 0000000000028310_0000000000000001
[E 03:25:20 164628] Set tag for 000000000002830E_0000000000000001
[E 03:25:20 164628] Set tag for 0000000000027FCC_0000000000000003
[E 03:25:20 164628] Set tag for 0000000000027FCC_0000000000000002
[E 03:25:20 164628] Set tag for root
[E 03:25:20 164628] Unlocking DB
[E 03:25:20 164628] Unlocked DB
[E 03:25:20 164628] Processed command line: /opt/codeql/cpp/tools/linux64/extractor --trapfolder /home/zch/workspace/fuckCVE/codeql-db/trap/cpp --src_archive /home/zch/workspace/fuckCVE/codeql-db/src --object_filename /tmp/ccjNcFA8.s --no_warnings_and_discretionary_errors --error_limit 1000 --disable_system_macros --variadic_macros --incognito --c11 --gcc --gnu_version 120200 --target linux_x86_64 -D__SSP_STRONG__=3 '-D__DBL_MIN_EXP__=(-1021)' -D__UINT_LEAST16_MAX__=0xffff -D__ATOMIC_ACQUIRE=2 -D__FLT128_MAX_10_EXP__=4932 -D__FLT_MIN__=1.17549435082228750796873653722224568e-38F -D__GCC_IEC_559_COMPLEX=0 '-D__UINT_LEAST8_TYPE__=unsigned char' -D__SIZEOF_FLOAT80__=16 '-D__INTMAX_C(c)=c ## L' -D__CHAR_BIT__=8 -D__UINT8_MAX__=0xff -D__WINT_MAX__=0xffffffffU '-D__FLT32_MIN_EXP__=(-125)' -D__ORDER_LITTLE_ENDIAN__=1234 -D__SIZE_MAX__=0xffffffffffffffffUL -D__WCHAR_MAX__=0xffff -D__GCC_HAVE_SYNC_COMPARE_AND_SWAP_1=1 -D__GCC_HAVE_SYNC_COMPARE_AND_SWAP_2=1 -D__GCC_HAVE_SYNC_COMPARE_AND_SWAP_4=1 '-D__DBL_DENORM_MIN__=((double)4.94065645841246544176568792868221372e-324L)' -D__GCC_HAVE_SYNC_COMPARE_AND_SWAP_8=1 -D__GCC_ATOMIC_CHAR_LOCK_FREE=2 -D__GCC_IEC_559=0 -D__FLT32X_DECIMAL_DIG__=17 -D__FLT_EVAL_METHOD__=0 -D__FLT64_DECIMAL_DIG__=17 -D__GCC_ATOMIC_CHAR32_T_LOCK_FREE=2 -D__UINT_FAST64_MAX__=0xffffffffffffffffUL -D__SIG_ATOMIC_TYPE__=int '-D__DBL_MIN_10_EXP__=(-307)' -D__FINITE_MATH_ONLY__=0 -D__FLT32X_MAX_EXP__=1024 -D__FLT32_HAS_DENORM__=1 -D__UINT_FAST8_MAX__=0xff -D__FLT32_MAX_10_EXP__=38 -D__DEC64_MAX_EXP__=385 '-D__INT8_C(c)=c' -D__INT_LEAST8_WIDTH__=8 -D__UINT_LEAST64_MAX__=0xffffffffffffffffUL -D__SHRT_MAX__=0x7fff '-D__LDBL_MAX__=1.18973149535723176502126385303097021e+4932L' -D__FLT64X_MAX_10_EXP__=4932 -D__LDBL_IS_IEC_60559__=2 -D__FLT64X_HAS_QUIET_NAN__=1 -D__UINT_LEAST8_MAX__=0xff -D__GCC_ATOMIC_BOOL_LOCK_FREE=2 -D__FLT128_DENORM_MIN__=6.47517511943802511092443895822764655e-4966F128 '-D__UINTMAX_TYPE__=long unsigned int' -D__code_model_kernel__=1 -D__linux=1 -D__DEC32_EPSILON__=1E-6DF -D__FLT_EVAL_METHOD_TS_18661_3__=0 -D__OPTIMIZE__=1 -D__unix=1 -D__UINT32_MAX__=0xffffffffU -D__LDBL_MAX_EXP__=16384 '-D__FLT128_MIN_EXP__=(-16381)' -D__WINT_MIN__=0U '-D__FLT128_MIN_10_EXP__=(-4931)' -D__FLT32X_IS_IEC_60559__=2 -D__INT_LEAST16_WIDTH__=16 -D__SCHAR_MAX__=0x7f -D__FLT128_MANT_DIG__=113 -D__WCHAR_MIN__=0 '-D__INT64_C(c)=c ## L' -D__GCC_ATOMIC_POINTER_LOCK_FREE=2 -D__FLT32X_MANT_DIG__=53 -D_SOFT_FLOAT=1 -D__FLT64X_EPSILON__=1.08420217248550443400745280086994171e-19F64x '-D__DEC64_MIN_EXP__=(-382)' -D__DBL_DIG__=15 -D__FLT32_DIG__=6 -D__FLT_EPSILON__=1.19209289550781250000000000000000000e-7F -D__SHRT_WIDTH__=16 -D__FLT32_IS_IEC_60559__=2 -D__LDBL_MIN__=3.36210314311209350626267781732175260e-4932L -D__STDC_UTF_16__=1 -D__DBL_IS_IEC_60559__=2 -D__DEC32_MAX__=9.999999E96DF -D__FLT64X_DENORM_MIN__=3.64519953188247460252840593361941982e-4951F64x -D__FLT32X_HAS_INFINITY__=1 -D__INT32_MAX__=0x7fffffff -D__unix__=1 -D__INT_WIDTH__=32 -D__SIZEOF_LONG__=8 -D__STDC_ISO_10646__=201706L '-D__UINT16_C(c)=c' -D__DECIMAL_DIG__=21 -D__FLT64_EPSILON__=2.22044604925031308084726333618164062e-16F64 -D__gnu_linux__=1 -D__FLT128_IS_IEC_60559__=2 '-D__FLT64X_MIN_10_EXP__=(-4931)' -D__LDBL_HAS_QUIET_NAN__=1 -D__FLT64_MANT_DIG__=53 -D__FLT64X_MANT_DIG__=64 -D__FLT_HAS_DENORM__=1 -D__SIZEOF_LONG_DOUBLE__=16 -D__BIGGEST_ALIGNMENT__=16 -D__FLT64_MAX_10_EXP__=308 '-D__DBL_MAX__=((double)1.79769313486231570814527423731704357e+308L)' -D__INT_FAST32_MAX__=0x7fffffffffffffffL -D__DBL_HAS_INFINITY__=1 -D__HAVE_SPECULATION_SAFE_VALUE=1 '-D__DEC32_MIN_EXP__=(-94)' -D__INTPTR_WIDTH__=64 -D__FLT64X_HAS_INFINITY__=1 -D__UINT_LEAST32_MAX__=0xffffffffU -D__FLT32X_HAS_DENORM__=1 '-D__INT_FAST16_TYPE__=long int' -D__LDBL_HAS_DENORM__=1 -D__SEG_GS=1 -D__FLT128_HAS_INFINITY__=1 -D__DEC128_MAX__=9.999999999999999999999999999999999E6144DL -D__DEC32_MIN__=1E-95DF -D__DBL_MAX_EXP__=1024 -D__WCHAR_WIDTH__=16 '-D__FLT32_MAX__=3.40282346638528859811704183484516925e+38F32' -D__DEC128_EPSILON__=1E-33DL -D__GCC_ATOMIC_LONG_LOCK_FREE=2 -D__ATOMIC_HLE_RELEASE=131072 -D__PTRDIFF_MAX__=0x7fffffffffffffffL -D__amd64=1 -D__ATOMIC_HLE_ACQUIRE=65536 -D__FLT32_HAS_QUIET_NAN__=1 -D__LONG_LONG_MAX__=0x7fffffffffffffffLL -D__SIZEOF_SIZE_T__=8 '-D__FLT64X_MIN_EXP__=(-16381)' -D__SIZEOF_WINT_T__=4 -D__LONG_LONG_WIDTH__=64 -D__FLT32_MAX_EXP__=128 -D__GXX_ABI_VERSION=1017 '-D__FLT_MIN_EXP__=(-125)' -D__INT16_MAX__=0x7fff -D__x86_64=1 '-D__INT_FAST64_TYPE__=long int' '-D__FLT128_NORM_MAX__=1.18973149535723176508575932662800702e+4932F128' -D__FLT64_DENORM_MIN__=4.94065645841246544176568792868221372e-324F64 '-D__DBL_MIN__=((double)2.22507385850720138309023271733240406e-308L)' '-D__FLT64X_NORM_MAX__=1.18973149535723176502126385303097021e+4932F64x' -D__SIZEOF_POINTER__=8 -D__LP64__=1 -D__DBL_HAS_QUIET_NAN__=1 -D__FLT32X_EPSILON__=2.22044604925031308084726333618164062e-16F32x -D__DECIMAL_BID_FORMAT__=1 '-D__FLT64_MIN_EXP__=(-1021)' '-D__FLT64_MIN_10_EXP__=(-307)' -D__FLT64X_DECIMAL_DIG__=21 -D__DEC128_MIN__=1E-6143DL -D__REGISTER_PREFIX__= -D__UINT16_MAX__=0xffff -D__DBL_HAS_DENORM__=1 -D__FLT32_MIN__=1.17549435082228750796873653722224568e-38F32 '-D__UINT8_TYPE__=unsigned char' -D__FLT_DIG__=6 -D__DEC_EVAL_METHOD__=2 -D__FLT_MANT_DIG__=24 -D__LDBL_DECIMAL_DIG__=21 '-D__UINT64_C(c)=c ## UL' -D_STDC_PREDEF_H=1 -D__INT_LEAST32_MAX__=0x7fffffff -D__GCC_ATOMIC_INT_LOCK_FREE=2 -D__FLT128_MAX_EXP__=16384 -D__FLT32_MANT_DIG__=24 -D__FLOAT_WORD_ORDER__=__ORDER_LITTLE_ENDIAN__ -D__FLT128_HAS_DENORM__=1 -D__FLT128_DIG__=33 -D__SCHAR_WIDTH__=8 '-D__INT32_C(c)=c' -D__DEC64_EPSILON__=1E-15DD -D__ORDER_PDP_ENDIAN__=3412 '-D__DEC128_MIN_EXP__=(-6142)' '-D__INT_FAST32_TYPE__=long int' '-D__UINT_LEAST16_TYPE__=short unsigned int' -Dunix=1 '-D__SIZE_TYPE__=long unsigned int' -D__UINT64_MAX__=0xffffffffffffffffUL -D__FLT_IS_IEC_60559__=2 '-D__GNUC_WIDE_EXECUTION_CHARSET_NAME="UTF-16LE"' -D__FLT64X_DIG__=18 '-D__INT8_TYPE__=signed char' -D__ELF__=1 -D__GCC_ASM_FLAG_OUTPUTS__=1 -D__FLT_RADIX__=2 '-D__INT_LEAST16_TYPE__=short int' -D__LDBL_EPSILON__=1.08420217248550443400745280086994171e-19L '-D__UINTMAX_C(c)=c ## UL' -D__k8=1 -D__FLT32X_MIN__=2.22507385850720138309023271733240406e-308F32x -D__SIG_ATOMIC_MAX__=0x7fffffff -D__GCC_ATOMIC_WCHAR_T_LOCK_FREE=2 -D__USER_LABEL_PREFIX__= -D__SIZEOF_PTRDIFF_T__=8 -D__LDBL_DIG__=18 -D__FLT64_IS_IEC_60559__=2 -D__x86_64__=1 '-D__FLT32X_MIN_EXP__=(-1021)' -D__DEC32_SUBNORMAL_MIN__=0.000001E-95DF -D__INT_FAST16_MAX__=0x7fffffffffffffffL -D__GCC_CONSTRUCTIVE_SIZE=64 -D__FLT64_DIG__=15 -D__UINT_FAST32_MAX__=0xffffffffffffffffUL '-D__UINT_LEAST64_TYPE__=long unsigned int' -D__FLT_HAS_QUIET_NAN__=1 -D__FLT_MAX_10_EXP__=38 -D__LONG_MAX__=0x7fffffffffffffffL -D__FLT64X_HAS_DENORM__=1 -D__DEC128_SUBNORMAL_MIN__=0.000000000000000000000000000000001E-6143DL -D__FLT_HAS_INFINITY__=1 '-D__GNUC_EXECUTION_CHARSET_NAME="UTF-8"' '-D__UINT_FAST16_TYPE__=long unsigned int' -D__DEC64_MAX__=9.999999999999999E384DD -D__INT_FAST32_WIDTH__=64 -D__PRAGMA_REDEFINE_EXTNAME=1 -D__SIZE_WIDTH__=64 -D__SEG_FS=1 -D__INT_LEAST16_MAX__=0x7fff -D__DEC64_MANT_DIG__=16 -D__INT64_MAX__=0x7fffffffffffffffL -D__FLT32_DENORM_MIN__=1.40129846432481707092372958328991613e-45F32 -D__SIG_ATOMIC_WIDTH__=32 '-D__INT_LEAST64_TYPE__=long int' '-D__INT16_TYPE__=short int' '-D__INT_LEAST8_TYPE__=signed char' -D__SIZEOF_INT__=4 -D__DEC32_MAX_EXP__=97 -D__INT_FAST8_MAX__=0x7f '-D__FLT128_MAX__=1.18973149535723176508575932662800702e+4932F128' -D__INTPTR_MAX__=0x7fffffffffffffffL -Dlinux=1 -D__FLT64_HAS_QUIET_NAN__=1 '-D__FLT32_MIN_10_EXP__=(-37)' -D__FLT32X_DIG__=15 -D__PTRDIFF_WIDTH__=64 -D__LDBL_MANT_DIG__=64 -D__FLT64_HAS_INFINITY__=1 '-D__FLT64X_MAX__=1.18973149535723176502126385303097021e+4932F64x' '-D__SIG_ATOMIC_MIN__=(-__SIG_ATOMIC_MAX__ - 1)' -D__k8__=1 '-D__INTPTR_TYPE__=long int' '-D__UINT16_TYPE__=short unsigned int' '-D__WCHAR_TYPE__=short unsigned int' -D__SIZEOF_FLOAT__=4 -D__UINTPTR_MAX__=0xffffffffffffffffUL -D__INT_FAST64_WIDTH__=64 -D__FLT32_DECIMAL_DIG__=9 -D__INT_FAST64_MAX__=0x7fffffffffffffffL -D__GCC_ATOMIC_TEST_AND_SET_TRUEVAL=1 '-D__FLT_NORM_MAX__=3.40282346638528859811704183484516925e+38F' -D__FLT32_HAS_INFINITY__=1 -D__FLT64X_MAX_EXP__=16384 '-D__UINT_FAST64_TYPE__=long unsigned int' -D__INT_MAX__=0x7fffffff -D__linux__=1 '-D__INT64_TYPE__=long int' -D__FLT_MAX_EXP__=128 -D__ORDER_BIG_ENDIAN__=4321 -D__DBL_MANT_DIG__=53 -D__SIZEOF_FLOAT128__=16 -D__INT_LEAST64_MAX__=0x7fffffffffffffffL -D__GCC_ATOMIC_CHAR16_T_LOCK_FREE=2 -D__DEC64_MIN__=1E-383DD '-D__WINT_TYPE__=unsigned int' '-D__UINT_LEAST32_TYPE__=unsigned int' -D__SIZEOF_SHORT__=2 '-D__FLT32_NORM_MAX__=3.40282346638528859811704183484516925e+38F32' '-D__LDBL_MIN_EXP__=(-16381)' '-D__FLT64_MAX__=1.79769313486231570814527423731704357e+308F64' -D__amd64__=1 -D__WINT_WIDTH__=32 -D__INT_LEAST8_MAX__=0x7f -D__INT_LEAST64_WIDTH__=64 -D__FLT32X_MAX_10_EXP__=308 -D__SIZEOF_INT128__=16 -D__FLT64X_IS_IEC_60559__=2 -D__LDBL_MAX_10_EXP__=4932 -D__ATOMIC_RELAXED=0 '-D__DBL_EPSILON__=((double)2.22044604925031308084726333618164062e-16L)' -D__FLT128_MIN__=3.36210314311209350626267781732175260e-4932F128 -D_LP64=1 '-D__UINT8_C(c)=c' -D__FLT64_MAX_EXP__=1024 -D__INT_LEAST32_TYPE__=int -D__SIZEOF_WCHAR_T__=2 '-D__UINT64_TYPE__=long unsigned int' '-D__FLT64_NORM_MAX__=1.79769313486231570814527423731704357e+308F64' -D__FLT128_HAS_QUIET_NAN__=1 -D__INTMAX_MAX__=0x7fffffffffffffffL '-D__INT_FAST8_TYPE__=signed char' -D__FLT64X_MIN__=3.36210314311209350626267781732175260e-4932F64x -D__LDBL_HAS_INFINITY__=1 -D__FLT64_HAS_DENORM__=1 -D__FLT32_EPSILON__=1.19209289550781250000000000000000000e-7F32 -D__DBL_DECIMAL_DIG__=17 -D__STDC_UTF_32__=1 -D__INT_FAST8_WIDTH__=8 -D__FXSR__=1 '-D__FLT32X_MAX__=1.79769313486231570814527423731704357e+308F32x' '-D__DBL_NORM_MAX__=((double)1.79769313486231570814527423731704357e+308L)' -D__BYTE_ORDER__=__ORDER_LITTLE_ENDIAN__ -D__GCC_DESTRUCTIVE_SIZE=64 -D__INTMAX_WIDTH__=64 '-D__UINT32_C(c)=c ## U' -D__FLT_DENORM_MIN__=1.40129846432481707092372958328991613e-45F -D__INT8_MAX__=0x7f -D__LONG_WIDTH__=64 '-D__UINT_FAST32_TYPE__=long unsigned int' '-D__FLT32X_NORM_MAX__=1.79769313486231570814527423731704357e+308F32x' '-D__FLT_MAX__=3.40282346638528859811704183484516925e+38F' -D__INT32_TYPE__=int -D__SIZEOF_DOUBLE__=8 '-D__FLT_MIN_10_EXP__=(-37)' -D__FLT64_MIN__=2.22507385850720138309023271733240406e-308F64 -D__INT_LEAST32_WIDTH__=32 '-D__INTMAX_TYPE__=long int' -D__DEC128_MAX_EXP__=6145 -D__FLT32X_HAS_QUIET_NAN__=1 -D__ATOMIC_CONSUME=1 -D__INT_FAST16_WIDTH__=64 -D__UINTMAX_MAX__=0xffffffffffffffffUL -D__DEC32_MANT_DIG__=7 -D__FLT32X_DENORM_MIN__=4.94065645841246544176568792868221372e-324F32x -D__DBL_MAX_10_EXP__=308 -D__LDBL_DENORM_MIN__=3.64519953188247460252840593361941982e-4951L '-D__INT16_C(c)=c' '-D__PTRDIFF_TYPE__=long int' -D__ATOMIC_SEQ_CST=5 '-D__UINT32_TYPE__=unsigned int' '-D__FLT32X_MIN_10_EXP__=(-307)' '-D__UINTPTR_TYPE__=long unsigned int' -D__DEC64_SUBNORMAL_MIN__=0.000000000000001E-383DD -D__DEC128_MANT_DIG__=34 '-D__LDBL_MIN_10_EXP__=(-4931)' -D__FLT128_EPSILON__=1.92592994438723585305597794258492732e-34F128 -D__SIZEOF_LONG_LONG__=8 -D__FLT128_DECIMAL_DIG__=36 -D__GCC_ATOMIC_LLONG_LOCK_FREE=2 -D__FLT_DECIMAL_DIG__=9 -D__UINT_FAST16_MAX__=0xffffffffffffffffUL '-D__LDBL_NORM_MAX__=1.18973149535723176502126385303097021e+4932L' -D__GCC_ATOMIC_SHORT_LOCK_FREE=2 '-D__UINT_FAST8_TYPE__=unsigned char' -D__ATOMIC_ACQ_REL=4 -D__ATOMIC_RELEASE=3 -D__KERNEL__ -I/usr/lib/gcc/x86_64-linux-gnu/12/include -I/usr/local/include -I/usr/include/x86_64-linux-gnu -I/usr/include -- /dev/null
[E 03:25:20 164628] CODEQL_EXTRACTOR_CPP_TRAP_CACHING is not set
[E 03:25:20 164628] CODEQL_EXTRACTOR_CPP_OPTION_TRAP_CACHE_WRITE is not set
[E 03:25:20 164628] CODEQL_EXTRACTOR_CPP_OPTION_TRAP_CACHE_DIR is not set
[E 03:25:20 164628] Initialising TRAP cache at path: 80/2167/6761597b149905cb758b88b6566a
[E 03:25:20 164628] Not using TRAP cache
[E 03:25:20 164628] TRAP cache miss
[E 03:25:20 164628] Starting compilation TRAP /home/zch/workspace/fuckCVE/codeql-db/trap/cpp/compilations/52/64873616_0.trap.zst
[E 03:25:20 164628] Archiving /home/zch/workspace/fuckCVE/codeql-db/src/dev/null
[E 03:25:20 164628] Failed to archive /home/zch/workspace/fuckCVE/codeql-db/src/dev/null
[E 03:25:20 164628] Creating trap tarball /home/zch/workspace/fuckCVE/codeql-db/trap/cpp/tarballs/dev/null.c18a6edf_27.trap.tar.zst
[E 03:25:20 164628] Emitting trap files for /dev/null
[E 03:25:20 164628] Opening existencedb in /home/zch/workspace/fuckCVE/codeql-db/working/existencedb/db
[E 03:25:20 164628] Wrote 0 files to /home/zch/workspace/fuckCVE/codeql-db/trap/cpp/tarballs/dev/null.c18a6edf_27.trap.tar.zst
[E 03:25:20 164628] Finished compilation TRAP /home/zch/workspace/fuckCVE/codeql-db/trap/cpp/compilations/52/64873616_0.trap.zst
[E 03:25:20 164628] Marking C compilation as happened.
[E 03:25:20 164628] Setting tag c-compilation-happened
[E 03:25:20 164628] Starting from CODEQL_TRACER_DB_ID 0000000000028312_0000000000000001
[E 03:25:20 164628] Locking DB /home/zch/workspace/fuckCVE/codeql-db/working/tags.db
[E 03:25:20 164628] Locked DB /home/zch/workspace/fuckCVE/codeql-db/working/tags.db
[E 03:25:20 164628] Set tag for 0000000000028312_0000000000000001
[E 03:25:20 164628] Set tag for 0000000000028310_0000000000000001
[E 03:25:20 164628] Set tag for 000000000002830E_0000000000000001
[E 03:25:20 164628] Set tag for 0000000000027FCC_0000000000000003
[E 03:25:20 164628] Set tag for 0000000000027FCC_0000000000000002
[E 03:25:20 164628] Set tag for root
[E 03:25:20 164628] Unlocking DB
[E 03:25:20 164628] Unlocked DB
[E 03:25:20 164628] Extractor exited successfully
